  main.cpp
C:\Users\sasha\source\repos\123123123\123123123\main.cpp(14,15): warning C4244: аргумент: преобразование "time_t" в "unsigned int", возможна потеря данных
C:\Users\sasha\source\repos\123123123\123123123\main.cpp(106,38): warning C4244: =: преобразование "const T" в "int", возможна потеря данных
          with
          [
              T=float
          ]
C:\Users\sasha\source\repos\123123123\123123123\main.cpp(107,38): warning C4244: =: преобразование "const T" в "int", возможна потеря данных
          with
          [
              T=float
          ]
C:\Users\sasha\source\repos\123123123\123123123\main.cpp(149,64): warning C4244: аргумент: преобразование "int" в "float", возможна потеря данных
C:\Users\sasha\source\repos\123123123\123123123\main.cpp(149,51): warning C4244: аргумент: преобразование "int" в "float", возможна потеря данных
C:\Users\sasha\source\repos\123123123\123123123\main.cpp(166,64): warning C4244: аргумент: преобразование "int" в "float", возможна потеря данных
C:\Users\sasha\source\repos\123123123\123123123\main.cpp(166,51): warning C4244: аргумент: преобразование "int" в "float", возможна потеря данных
C:\Users\sasha\source\repos\123123123\123123123\main.cpp(184,64): warning C4244: аргумент: преобразование "int" в "float", возможна потеря данных
C:\Users\sasha\source\repos\123123123\123123123\main.cpp(184,51): warning C4244: аргумент: преобразование "int" в "float", возможна потеря данных
C:\Users\sasha\source\repos\123123123\123123123\main.cpp(206,64): warning C4244: аргумент: преобразование "int" в "float", возможна потеря данных
C:\Users\sasha\source\repos\123123123\123123123\main.cpp(206,51): warning C4244: аргумент: преобразование "int" в "float", возможна потеря данных
C:\Users\sasha\source\repos\123123123\123123123\main.cpp(223,64): warning C4244: аргумент: преобразование "int" в "float", возможна потеря данных
C:\Users\sasha\source\repos\123123123\123123123\main.cpp(223,51): warning C4244: аргумент: преобразование "int" в "float", возможна потеря данных
C:\Users\sasha\source\repos\123123123\123123123\main.cpp(241,64): warning C4244: аргумент: преобразование "int" в "float", возможна потеря данных
C:\Users\sasha\source\repos\123123123\123123123\main.cpp(241,51): warning C4244: аргумент: преобразование "int" в "float", возможна потеря данных
C:\Users\sasha\source\repos\123123123\123123123\main.cpp(262,64): warning C4244: аргумент: преобразование "int" в "float", возможна потеря данных
C:\Users\sasha\source\repos\123123123\123123123\main.cpp(262,51): warning C4244: аргумент: преобразование "int" в "float", возможна потеря данных
C:\Users\sasha\source\repos\123123123\123123123\main.cpp(279,64): warning C4244: аргумент: преобразование "int" в "float", возможна потеря данных
C:\Users\sasha\source\repos\123123123\123123123\main.cpp(279,51): warning C4244: аргумент: преобразование "int" в "float", возможна потеря данных
C:\Users\sasha\source\repos\123123123\123123123\main.cpp(297,64): warning C4244: аргумент: преобразование "int" в "float", возможна потеря данных
C:\Users\sasha\source\repos\123123123\123123123\main.cpp(297,51): warning C4244: аргумент: преобразование "int" в "float", возможна потеря данных
C:\Users\sasha\source\repos\123123123\123123123\main.cpp(318,64): warning C4244: аргумент: преобразование "int" в "float", возможна потеря данных
C:\Users\sasha\source\repos\123123123\123123123\main.cpp(318,51): warning C4244: аргумент: преобразование "int" в "float", возможна потеря данных
C:\Users\sasha\source\repos\123123123\123123123\main.cpp(335,64): warning C4244: аргумент: преобразование "int" в "float", возможна потеря данных
C:\Users\sasha\source\repos\123123123\123123123\main.cpp(335,51): warning C4244: аргумент: преобразование "int" в "float", возможна потеря данных
C:\Users\sasha\source\repos\123123123\123123123\main.cpp(353,64): warning C4244: аргумент: преобразование "int" в "float", возможна потеря данных
C:\Users\sasha\source\repos\123123123\123123123\main.cpp(353,51): warning C4244: аргумент: преобразование "int" в "float", возможна потеря данных
C:\Users\sasha\source\repos\123123123\123123123\main.cpp(374,64): warning C4244: аргумент: преобразование "int" в "float", возможна потеря данных
C:\Users\sasha\source\repos\123123123\123123123\main.cpp(374,51): warning C4244: аргумент: преобразование "int" в "float", возможна потеря данных
C:\Users\sasha\source\repos\123123123\123123123\main.cpp(391,64): warning C4244: аргумент: преобразование "int" в "float", возможна потеря данных
C:\Users\sasha\source\repos\123123123\123123123\main.cpp(391,51): warning C4244: аргумент: преобразование "int" в "float", возможна потеря данных
C:\Users\sasha\source\repos\123123123\123123123\main.cpp(409,64): warning C4244: аргумент: преобразование "int" в "float", возможна потеря данных
C:\Users\sasha\source\repos\123123123\123123123\main.cpp(409,51): warning C4244: аргумент: преобразование "int" в "float", возможна потеря данных
C:\Users\sasha\source\repos\123123123\123123123\main.cpp(13,25): warning C4101: n: неиспользованная локальная переменная
  Создание кода
  1 of 80 functions ( 1.2%) were compiled, the rest were copied from previous compilation.
    0 functions were new in current compilation
    0 functions had inline decision re-evaluated but remain unchanged
  Создание кода завершено
  123123123.vcxproj -> C:\Users\sasha\source\repos\123123123\x64\Release\123123123.exe
